<?xml version="1.0" encoding="UTF-8"?>
<testsuite xmlns:xsi="http://www.w3.org/2001/XMLSchema-instance" xsi:noNamespaceSchemaLocation="https://maven.apache.org/surefire/maven-surefire-plugin/xsd/surefire-test-report.xsd" name="parrot.ParrotTest" time="0.014" tests="11" errors="0" skipped="0" failures="0">
  <properties>
[...]
</properties>
  <testcase name="getSpeedOfEuropeanParrot" classname="parrot.ParrotTest" time="0.006"/>
  <testcase name="getSpeedOfAfricanParrot_With_One_Coconut" classname="parrot.ParrotTest" time="0.001"/>
  <testcase name="getCryOfNorwegianBlueHighVoltage" classname="parrot.ParrotTest" time="0"/>
  <testcase name="getCryOfEuropeanParrot" classname="parrot.ParrotTest" time="0"/>
  <testcase name="getCryOfNorwegianBlueNoVoltage" classname="parrot.ParrotTest" time="0"/>
  <testcase name="getSpeedNorwegianBlueParrot_not_nailed" classname="parrot.ParrotTest" time="0"/>
  <testcase name="getSpeedOfAfricanParrot_With_No_Coconuts" classname="parrot.ParrotTest" time="0.001"/>
  <testcase name="getSpeedNorwegianBlueParrot_nailed" classname="parrot.ParrotTest" time="0"/>
  <testcase name="getSpeedOfAfricanParrot_With_Two_Coconuts" classname="parrot.ParrotTest" time="0"/>
  <testcase name="getSpeedNorwegianBlueParrot_not_nailed_high_voltage" classname="parrot.ParrotTest" time="0"/>
  <testcase name="getCryOfAfricanParrot" classname="parrot.ParrotTest" time="0"/>
</testsuite>